2025-09-28 17:57:09 [   DEBUG] ComprehensiveDemo Sample users generated admin_count=1 log_sequence=1 moderator_count=1 user_count=3 users_generated=5
2025-09-28 17:57:09 [    INFO] ComprehensiveDemo Service initialized successfully environment=development log_file=logs\comprehensive_demo.log log_sequence=2 service=ComprehensiveDemo users_count=5 version=1.0.0
2025-09-28 17:57:09 [    INFO] ComprehensiveDemo Starting comprehensive logging demonstration log_sequence=3 service=ComprehensiveDemo target_log_count=125 version=1.0.0
2025-09-28 17:57:09 [    INFO] ComprehensiveDemo Starting authentication simulation log_sequence=4 simulation_type=user_authentication
2025-09-28 17:57:09 [    INFO] ComprehensiveDemo User login successful email=alice@example.com ip_address=192.168.28.3 log_sequence=5 login_method=sso name=Alice Johnson role=admin user_agent=Mozilla/5.0 (X11; Linux x86_64) user_id=u001
2025-09-28 17:57:09 [   DEBUG] ComprehensiveDemo User session created log_sequence=6 permissions=['read', 'write'] session_id=97e8dea3-425c-487b-88a0-3e2f601a4401 session_timeout=3600 user_id=u001
2025-09-28 17:57:09 [    INFO] ComprehensiveDemo User login successful email=bob@example.com ip_address=192.168.127.120 log_sequence=7 login_method=sso name=Bob Smith role=user user_agent=Mozilla/5.0 (Macintosh; Intel Mac OS X 10_15_7) user_id=u002
2025-09-28 17:57:09 [   DEBUG] ComprehensiveDemo User session created log_sequence=8 permissions=['read'] session_id=4153c234-a9e6-423e-aa6e-c83141848084 session_timeout=3600 user_id=u002
2025-09-28 17:57:09 [    INFO] ComprehensiveDemo User login successful email=carol@example.com ip_address=192.168.185.204 log_sequence=9 login_method=oauth name=Carol Davis role=user user_agent=Mozilla/5.0 (X11; Linux x86_64) user_id=u003
2025-09-28 17:57:09 [   DEBUG] ComprehensiveDemo User session created log_sequence=10 permissions=['read'] session_id=cc423f11-8348-4511-b105-fa7d4bf0074c session_timeout=3600 user_id=u003
2025-09-28 17:57:09 [    INFO] ComprehensiveDemo User login successful email=david@example.com ip_address=192.168.194.108 log_sequence=11 login_method=sso name=David Wilson role=moderator user_agent=Mozilla/5.0 (Macintosh; Intel Mac OS X 10_15_7) user_id=u004
2025-09-28 17:57:09 [   DEBUG] ComprehensiveDemo User session created log_sequence=12 permissions=['read', 'write'] session_id=e1478af3-9d20-4167-895c-c705673a1ba8 session_timeout=3600 user_id=u004
2025-09-28 17:57:09 [ WARNING] ComprehensiveDemo User login failed attempt_count=2 email=eve@example.com failure_reason=account_locked ip_address=192.168.32.241 log_sequence=13 user_id=u005
2025-09-28 17:57:09 [    INFO] ComprehensiveDemo Starting transaction processing simulation log_sequence=14 simulation_type=transaction_processing
2025-09-28 17:57:09 [    INFO] ComprehensiveDemo Transaction initiated amount=117.19 currency=EUR email=alice@example.com log_sequence=15 name=Alice Johnson payment_method=bank_transfer processing_fee=2.93 role=admin status=pending transaction_id=txn_001 user_id=u001
2025-09-28 17:57:09 [   DEBUG] ComprehensiveDemo Transaction validation started log_sequence=16 transaction_id=txn_001 validation_checks=['amount_limit', 'account_balance', 'fraud_detection']
2025-09-28 17:57:09 [    INFO] ComprehensiveDemo Transaction completed successfully amount=117.19 confirmation_code=CONF_349492 currency=EUR log_sequence=17 processing_time_ms=223 status=completed transaction_id=txn_001 user_id=u001
2025-09-28 17:57:09 [    INFO] ComprehensiveDemo Transaction initiated amount=625.71 currency=USD email=eve@example.com log_sequence=18 name=Eve Brown payment_method=credit_card processing_fee=15.64 role=user status=pending transaction_id=txn_002 user_id=u005
2025-09-28 17:57:09 [   DEBUG] ComprehensiveDemo Transaction validation started log_sequence=19 transaction_id=txn_002 validation_checks=['amount_limit', 'account_balance', 'fraud_detection']
2025-09-28 17:57:09 [    INFO] ComprehensiveDemo Transaction completed successfully amount=625.71 confirmation_code=CONF_178331 currency=USD log_sequence=20 processing_time_ms=333 status=completed transaction_id=txn_002 user_id=u005
2025-09-28 17:57:09 [    INFO] ComprehensiveDemo Transaction initiated amount=889.29 currency=GBP email=carol@example.com log_sequence=21 name=Carol Davis payment_method=digital_wallet processing_fee=22.23 role=user status=pending transaction_id=txn_003 user_id=u003
2025-09-28 17:57:09 [   DEBUG] ComprehensiveDemo Transaction validation started log_sequence=22 transaction_id=txn_003 validation_checks=['amount_limit', 'account_balance', 'fraud_detection']
2025-09-28 17:57:09 [    INFO] ComprehensiveDemo Transaction completed successfully amount=889.29 confirmation_code=CONF_225450 currency=GBP log_sequence=23 processing_time_ms=490 status=completed transaction_id=txn_003 user_id=u003
2025-09-28 17:57:09 [    INFO] ComprehensiveDemo Transaction initiated amount=440.28 currency=GBP email=david@example.com log_sequence=24 name=David Wilson payment_method=credit_card processing_fee=11.01 role=moderator status=pending transaction_id=txn_004 user_id=u004
2025-09-28 17:57:09 [   DEBUG] ComprehensiveDemo Transaction validation started log_sequence=25 transaction_id=txn_004 validation_checks=['amount_limit', 'account_balance', 'fraud_detection']
2025-09-28 17:57:09 [   ERROR] ComprehensiveDemo Transaction failed - network error amount=440.28 currency=GBP error_code=NET_001 log_sequence=26 next_retry_in_seconds=30 retry_count=1 status=error transaction_id=txn_004 user_id=u004
2025-09-28 17:57:09 [    INFO] ComprehensiveDemo Transaction initiated amount=376.68 currency=GBP email=carol@example.com log_sequence=27 name=Carol Davis payment_method=credit_card processing_fee=9.42 role=user status=pending transaction_id=txn_005 user_id=u003
2025-09-28 17:57:09 [   DEBUG] ComprehensiveDemo Transaction validation started log_sequence=28 transaction_id=txn_005 validation_checks=['amount_limit', 'account_balance', 'fraud_detection']
2025-09-28 17:57:09 [    INFO] ComprehensiveDemo Transaction completed successfully amount=376.68 confirmation_code=CONF_705381 currency=GBP log_sequence=29 processing_time_ms=293 status=completed transaction_id=txn_005 user_id=u003
2025-09-28 17:57:09 [    INFO] ComprehensiveDemo Transaction initiated amount=559.84 currency=GBP email=carol@example.com log_sequence=30 name=Carol Davis payment_method=bank_transfer processing_fee=14.0 role=user status=pending transaction_id=txn_006 user_id=u003
2025-09-28 17:57:09 [   DEBUG] ComprehensiveDemo Transaction validation started log_sequence=31 transaction_id=txn_006 validation_checks=['amount_limit', 'account_balance', 'fraud_detection']
2025-09-28 17:57:09 [    INFO] ComprehensiveDemo Transaction completed successfully amount=559.84 confirmation_code=CONF_658317 currency=GBP log_sequence=32 processing_time_ms=345 status=completed transaction_id=txn_006 user_id=u003
2025-09-28 17:57:09 [    INFO] ComprehensiveDemo Transaction initiated amount=919.15 currency=USD email=eve@example.com log_sequence=33 name=Eve Brown payment_method=credit_card processing_fee=22.98 role=user status=pending transaction_id=txn_007 user_id=u005
2025-09-28 17:57:09 [   DEBUG] ComprehensiveDemo Transaction validation started log_sequence=34 transaction_id=txn_007 validation_checks=['amount_limit', 'account_balance', 'fraud_detection']
2025-09-28 17:57:09 [ WARNING] ComprehensiveDemo Transaction failed - insufficient funds amount=919.15 available_balance=735.32 currency=USD log_sequence=35 required_amount=919.15 status=failed transaction_id=txn_007 user_id=u005
2025-09-28 17:57:09 [    INFO] ComprehensiveDemo Transaction initiated amount=426.71 currency=GBP email=alice@example.com log_sequence=36 name=Alice Johnson payment_method=bank_transfer processing_fee=10.67 role=admin status=pending transaction_id=txn_008 user_id=u001
2025-09-28 17:57:09 [   DEBUG] ComprehensiveDemo Transaction validation started log_sequence=37 transaction_id=txn_008 validation_checks=['amount_limit', 'account_balance', 'fraud_detection']
2025-09-28 17:57:09 [    INFO] ComprehensiveDemo Transaction completed successfully amount=426.71 confirmation_code=CONF_645792 currency=GBP log_sequence=38 processing_time_ms=119 status=completed transaction_id=txn_008 user_id=u001
2025-09-28 17:57:09 [    INFO] ComprehensiveDemo Transaction initiated amount=166.84 currency=USD email=carol@example.com log_sequence=39 name=Carol Davis payment_method=credit_card processing_fee=4.17 role=user status=pending transaction_id=txn_009 user_id=u003
2025-09-28 17:57:09 [   DEBUG] ComprehensiveDemo Transaction validation started log_sequence=40 transaction_id=txn_009 validation_checks=['amount_limit', 'account_balance', 'fraud_detection']
2025-09-28 17:57:09 [    INFO] ComprehensiveDemo Transaction completed successfully amount=166.84 confirmation_code=CONF_484793 currency=USD log_sequence=41 processing_time_ms=443 status=completed transaction_id=txn_009 user_id=u003
2025-09-28 17:57:09 [    INFO] ComprehensiveDemo Transaction initiated amount=645.37 currency=EUR email=bob@example.com log_sequence=42 name=Bob Smith payment_method=credit_card processing_fee=16.13 role=user status=pending transaction_id=txn_010 user_id=u002
2025-09-28 17:57:09 [   DEBUG] ComprehensiveDemo Transaction validation started log_sequence=43 transaction_id=txn_010 validation_checks=['amount_limit', 'account_balance', 'fraud_detection']
2025-09-28 17:57:09 [    INFO] ComprehensiveDemo Transaction completed successfully amount=645.37 confirmation_code=CONF_913597 currency=EUR log_sequence=44 processing_time_ms=292 status=completed transaction_id=txn_010 user_id=u002
2025-09-28 17:57:09 [    INFO] ComprehensiveDemo Transaction initiated amount=254.52 currency=GBP email=carol@example.com log_sequence=45 name=Carol Davis payment_method=bank_transfer processing_fee=6.36 role=user status=pending transaction_id=txn_011 user_id=u003
2025-09-28 17:57:09 [   DEBUG] ComprehensiveDemo Transaction validation started log_sequence=46 transaction_id=txn_011 validation_checks=['amount_limit', 'account_balance', 'fraud_detection']
2025-09-28 17:57:09 [    INFO] ComprehensiveDemo Transaction completed successfully amount=254.52 confirmation_code=CONF_986680 currency=GBP log_sequence=47 processing_time_ms=181 status=completed transaction_id=txn_011 user_id=u003
2025-09-28 17:57:09 [    INFO] ComprehensiveDemo Transaction initiated amount=270.29 currency=USD email=david@example.com log_sequence=48 name=David Wilson payment_method=digital_wallet processing_fee=6.76 role=moderator status=pending transaction_id=txn_012 user_id=u004
2025-09-28 17:57:09 [   DEBUG] ComprehensiveDemo Transaction validation started log_sequence=49 transaction_id=txn_012 validation_checks=['amount_limit', 'account_balance', 'fraud_detection']
2025-09-28 17:57:09 [    INFO] ComprehensiveDemo Transaction completed successfully amount=270.29 confirmation_code=CONF_823694 currency=USD log_sequence=50 processing_time_ms=270 status=completed transaction_id=txn_012 user_id=u004
2025-09-28 17:57:09 [    INFO] ComprehensiveDemo Transaction initiated amount=153.57 currency=GBP email=bob@example.com log_sequence=51 name=Bob Smith payment_method=credit_card processing_fee=3.84 role=user status=pending transaction_id=txn_013 user_id=u002
2025-09-28 17:57:09 [   DEBUG] ComprehensiveDemo Transaction validation started log_sequence=52 transaction_id=txn_013 validation_checks=['amount_limit', 'account_balance', 'fraud_detection']
2025-09-28 17:57:09 [    INFO] ComprehensiveDemo Transaction completed successfully amount=153.57 confirmation_code=CONF_910352 currency=GBP log_sequence=53 processing_time_ms=251 status=completed transaction_id=txn_013 user_id=u002
2025-09-28 17:57:09 [    INFO] ComprehensiveDemo Transaction initiated amount=252.9 currency=USD email=bob@example.com log_sequence=54 name=Bob Smith payment_method=credit_card processing_fee=6.32 role=user status=pending transaction_id=txn_014 user_id=u002
2025-09-28 17:57:09 [   DEBUG] ComprehensiveDemo Transaction validation started log_sequence=55 transaction_id=txn_014 validation_checks=['amount_limit', 'account_balance', 'fraud_detection']
2025-09-28 17:57:09 [    INFO] ComprehensiveDemo Transaction completed successfully amount=252.9 confirmation_code=CONF_386178 currency=USD log_sequence=56 processing_time_ms=159 status=completed transaction_id=txn_014 user_id=u002
2025-09-28 17:57:09 [    INFO] ComprehensiveDemo Transaction initiated amount=366.35 currency=GBP email=alice@example.com log_sequence=57 name=Alice Johnson payment_method=bank_transfer processing_fee=9.16 role=admin status=pending transaction_id=txn_015 user_id=u001
2025-09-28 17:57:09 [   DEBUG] ComprehensiveDemo Transaction validation started log_sequence=58 transaction_id=txn_015 validation_checks=['amount_limit', 'account_balance', 'fraud_detection']
2025-09-28 17:57:09 [   ERROR] ComprehensiveDemo Transaction blocked - fraud detected amount=366.35 currency=GBP fraud_indicators=['unusual_location', 'high_amount', 'velocity_check'] fraud_score=97 log_sequence=59 status=blocked transaction_id=txn_015 user_id=u001
2025-09-28 17:57:09 [    INFO] ComprehensiveDemo Starting system monitoring simulation log_sequence=60 simulation_type=system_monitoring
2025-09-28 17:57:09 [   DEBUG] ComprehensiveDemo Database health check passed active_connections=8 connection_pool_size=16 database=primary_db log_sequence=61 response_time_ms=17.29
2025-09-28 17:57:09 [   DEBUG] ComprehensiveDemo Database health check passed active_connections=6 connection_pool_size=14 database=replica_db log_sequence=62 response_time_ms=16.22
2025-09-28 17:57:09 [ WARNING] ComprehensiveDemo Database health check slow database=cache_db log_sequence=63 recommendation=investigate_performance response_time_ms=36.16 threshold_ms=30
2025-09-28 17:57:09 [ WARNING] ComprehensiveDemo API endpoint issue detected endpoint=/api/users error_rate_percent=8.337372161664252 log_sequence=64 response_time_ms=90.67 status_code=404
2025-09-28 17:57:09 [   DEBUG] ComprehensiveDemo API endpoint healthy endpoint=/api/transactions log_sequence=65 requests_per_minute=754 response_time_ms=74.13 status_code=200
2025-09-28 17:57:09 [ WARNING] ComprehensiveDemo API endpoint issue detected endpoint=/api/auth error_rate_percent=5.461273050827797 log_sequence=66 response_time_ms=202.69 status_code=404
2025-09-28 17:57:09 [   DEBUG] ComprehensiveDemo API endpoint healthy endpoint=/api/reports log_sequence=67 requests_per_minute=886 response_time_ms=286.09 status_code=200
2025-09-28 17:57:09 [    INFO] ComprehensiveDemo System resource utilization cpu_usage_percent=20.84 disk_usage_percent=81.5 load_average=1.1 log_sequence=68 memory_usage_percent=62.74 network_io_mbps=96.46
2025-09-28 17:57:09 [    INFO] ComprehensiveDemo Starting error scenario simulation log_sequence=69 simulation_type=error_scenarios
2025-09-28 17:57:09 [CRITICAL] ComprehensiveDemo Critical system error: Database connection pool exhausted affected_users=834 error_type=system_critical estimated_recovery_time_minutes=18 impact=service_degraded incident_id=INC_733060 log_sequence=70
2025-09-28 17:57:09 [CRITICAL] ComprehensiveDemo Critical system error: Payment gateway unavailable affected_users=294 error_type=system_critical estimated_recovery_time_minutes=15 impact=service_degraded incident_id=INC_859371 log_sequence=71
2025-09-28 17:57:09 [   ERROR] ComprehensiveDemo Application error: Invalid JSON payload auto_retry=True error_type=application log_sequence=72 request_id=62cb00db-a6e0-4c2a-87ac-3044c62d3b99 stack_trace_available=True user_id=u005
2025-09-28 17:57:09 [   ERROR] ComprehensiveDemo Application error: Rate limit exceeded auto_retry=True error_type=application log_sequence=73 request_id=07ca66b1-73ce-4dfd-9e29-4b5519bc938b stack_trace_available=True user_id=u003
2025-09-28 17:57:09 [   ERROR] ComprehensiveDemo Application error: Unauthorized access attempt auto_retry=False error_type=application log_sequence=74 request_id=ed29c7fa-5aab-4c6c-83f4-231f0dd3a28a stack_trace_available=True user_id=u003
2025-09-28 17:57:09 [   ERROR] ComprehensiveDemo Application error: Data validation failed auto_retry=True error_type=application log_sequence=75 request_id=c1762297-82ec-43db-a961-c175758fad36 stack_trace_available=True user_id=u005
2025-09-28 17:57:09 [   DEBUG] ComprehensiveDemo Additional debug log entry entry_number=75 log_sequence=76 random_data={'value': 964, 'timestamp': 1759062429.7709587, 'uuid': '16354037-4cec-4383-8384-d8ef4fe45f46'}
2025-09-28 17:57:09 [   DEBUG] ComprehensiveDemo Additional debug log entry entry_number=76 log_sequence=77 random_data={'value': 96, 'timestamp': 1759062429.7720382, 'uuid': 'ed28e68b-5e22-498f-be3b-204251eac760'}
2025-09-28 17:57:09 [   DEBUG] ComprehensiveDemo Additional debug log entry entry_number=77 log_sequence=78 random_data={'value': 208, 'timestamp': 1759062429.7730231, 'uuid': '6e1761b0-b811-40af-9929-361ea69acd2e'}
2025-09-28 17:57:09 [   DEBUG] ComprehensiveDemo Additional debug log entry entry_number=78 log_sequence=79 random_data={'value': 341, 'timestamp': 1759062429.7740362, 'uuid': 'fe073c2f-e7e2-4762-9d90-4d371864823c'}
2025-09-28 17:57:09 [   DEBUG] ComprehensiveDemo Additional debug log entry entry_number=79 log_sequence=80 random_data={'value': 851, 'timestamp': 1759062429.7751954, 'uuid': '70d17434-e07a-4317-95b5-b5ad79b13b04'}
2025-09-28 17:57:09 [   DEBUG] ComprehensiveDemo Additional debug log entry entry_number=80 log_sequence=81 random_data={'value': 603, 'timestamp': 1759062429.7763638, 'uuid': 'c9953bfe-0289-490d-97a8-b4f96a03b5a7'}
2025-09-28 17:57:09 [   DEBUG] ComprehensiveDemo Additional debug log entry entry_number=81 log_sequence=82 random_data={'value': 469, 'timestamp': 1759062429.7773519, 'uuid': '82afa1c0-1a66-4814-8d1c-0780de95ddca'}
2025-09-28 17:57:09 [   DEBUG] ComprehensiveDemo Additional debug log entry entry_number=82 log_sequence=83 random_data={'value': 754, 'timestamp': 1759062429.7783442, 'uuid': '275c5a47-2ccb-40ef-95da-787d6abdf9db'}
2025-09-28 17:57:09 [   DEBUG] ComprehensiveDemo Additional debug log entry entry_number=83 log_sequence=84 random_data={'value': 232, 'timestamp': 1759062429.7796981, 'uuid': '24705fa5-a589-47bc-afb3-e70f551122bd'}
2025-09-28 17:57:09 [   DEBUG] ComprehensiveDemo Additional debug log entry entry_number=84 log_sequence=85 random_data={'value': 607, 'timestamp': 1759062429.7809882, 'uuid': '565afa64-c319-43af-8dea-d76daf2abaed'}
2025-09-28 17:57:09 [   DEBUG] ComprehensiveDemo Additional debug log entry entry_number=85 log_sequence=86 random_data={'value': 407, 'timestamp': 1759062429.7825165, 'uuid': '868fda9f-5336-4d17-bdac-a0a0a0a10a09'}
2025-09-28 17:57:09 [   DEBUG] ComprehensiveDemo Additional debug log entry entry_number=86 log_sequence=87 random_data={'value': 943, 'timestamp': 1759062429.7836552, 'uuid': '9a1458ac-823a-435c-ba4d-4c827b458569'}
2025-09-28 17:57:09 [   DEBUG] ComprehensiveDemo Additional debug log entry entry_number=87 log_sequence=88 random_data={'value': 924, 'timestamp': 1759062429.784698, 'uuid': 'ffbf8799-a5c2-4563-b318-b71be5152119'}
2025-09-28 17:57:09 [   DEBUG] ComprehensiveDemo Additional debug log entry entry_number=88 log_sequence=89 random_data={'value': 516, 'timestamp': 1759062429.785763, 'uuid': '7205e2fb-0826-44a7-ae07-6bcd1bd9838a'}
2025-09-28 17:57:09 [   DEBUG] ComprehensiveDemo Additional debug log entry entry_number=89 log_sequence=90 random_data={'value': 35, 'timestamp': 1759062429.786879, 'uuid': 'fca3ac11-30eb-4808-a363-2a797913993d'}
2025-09-28 17:57:09 [   DEBUG] ComprehensiveDemo Additional debug log entry entry_number=90 log_sequence=91 random_data={'value': 868, 'timestamp': 1759062429.7879758, 'uuid': 'daaf49f6-a946-4f15-967e-54f4091e7d3c'}
2025-09-28 17:57:09 [   DEBUG] ComprehensiveDemo Additional debug log entry entry_number=91 log_sequence=92 random_data={'value': 64, 'timestamp': 1759062429.7891235, 'uuid': '05d77b54-8451-49ba-8339-9cf26526aef9'}
2025-09-28 17:57:09 [   DEBUG] ComprehensiveDemo Additional debug log entry entry_number=92 log_sequence=93 random_data={'value': 597, 'timestamp': 1759062429.790161, 'uuid': '008416da-40ff-4255-9937-5985b0a70f27'}
2025-09-28 17:57:09 [   DEBUG] ComprehensiveDemo Additional debug log entry entry_number=93 log_sequence=94 random_data={'value': 562, 'timestamp': 1759062429.7912483, 'uuid': 'ff3bccc7-abd7-4c40-b727-c52c4aebac11'}
2025-09-28 17:57:09 [   DEBUG] ComprehensiveDemo Additional debug log entry entry_number=94 log_sequence=95 random_data={'value': 834, 'timestamp': 1759062429.7923596, 'uuid': '409eb1a8-2e89-4af6-821e-f525ccc627d9'}
2025-09-28 17:57:09 [   DEBUG] ComprehensiveDemo Additional debug log entry entry_number=95 log_sequence=96 random_data={'value': 683, 'timestamp': 1759062429.7934365, 'uuid': '8f633e4a-de18-4dbb-97eb-478adbfcf027'}
2025-09-28 17:57:09 [   DEBUG] ComprehensiveDemo Additional debug log entry entry_number=96 log_sequence=97 random_data={'value': 274, 'timestamp': 1759062429.7944193, 'uuid': '1152ff31-33a7-424f-ae91-2d2593412be6'}
2025-09-28 17:57:09 [   DEBUG] ComprehensiveDemo Additional debug log entry entry_number=97 log_sequence=98 random_data={'value': 7, 'timestamp': 1759062429.795439, 'uuid': '5c1762f3-7cc2-4438-8445-cb9f5abaa76f'}
2025-09-28 17:57:09 [   DEBUG] ComprehensiveDemo Additional debug log entry entry_number=98 log_sequence=99 random_data={'value': 576, 'timestamp': 1759062429.7965617, 'uuid': '3974a95e-cb06-40e5-89b1-903ce7146702'}
2025-09-28 17:57:09 [   DEBUG] ComprehensiveDemo Additional debug log entry entry_number=99 log_sequence=100 random_data={'value': 680, 'timestamp': 1759062429.797601, 'uuid': 'ccfb1b9d-2fa9-446d-9bde-1b24bd52ed30'}
2025-09-28 17:57:09 [   DEBUG] ComprehensiveDemo Additional debug log entry entry_number=100 log_sequence=101 random_data={'value': 782, 'timestamp': 1759062429.7986255, 'uuid': 'f42e0822-3c5a-4b39-8d96-483796e1a40b'}
2025-09-28 17:57:09 [   DEBUG] ComprehensiveDemo Additional debug log entry entry_number=101 log_sequence=102 random_data={'value': 733, 'timestamp': 1759062429.7999325, 'uuid': '4d791abc-8f24-404a-88d8-46267d9c344a'}
2025-09-28 17:57:09 [   DEBUG] ComprehensiveDemo Additional debug log entry entry_number=102 log_sequence=103 random_data={'value': 4, 'timestamp': 1759062429.8009918, 'uuid': 'e3e5f61d-ed04-461b-868d-536e26708aec'}
2025-09-28 17:57:09 [   DEBUG] ComprehensiveDemo Additional debug log entry entry_number=103 log_sequence=104 random_data={'value': 255, 'timestamp': 1759062429.8020399, 'uuid': '168a2ae6-f3b4-42e9-afaf-7c6446d0f7d1'}
2025-09-28 17:57:09 [   DEBUG] ComprehensiveDemo Additional debug log entry entry_number=104 log_sequence=105 random_data={'value': 269, 'timestamp': 1759062429.802994, 'uuid': '30f207ac-3039-44a1-bf5c-5f18db2f65d5'}
2025-09-28 17:57:09 [   DEBUG] ComprehensiveDemo Additional debug log entry entry_number=105 log_sequence=106 random_data={'value': 398, 'timestamp': 1759062429.8039975, 'uuid': 'c7e9ff18-ce03-4eda-93f4-f8b45fd6fdfb'}
2025-09-28 17:57:09 [   DEBUG] ComprehensiveDemo Additional debug log entry entry_number=106 log_sequence=107 random_data={'value': 705, 'timestamp': 1759062429.8051095, 'uuid': '01c80860-1335-4522-ad02-6a5b2d945330'}
2025-09-28 17:57:09 [   DEBUG] ComprehensiveDemo Additional debug log entry entry_number=107 log_sequence=108 random_data={'value': 360, 'timestamp': 1759062429.8061237, 'uuid': 'd486bc8d-540e-444b-be8d-34766b16dcc2'}
2025-09-28 17:57:09 [   DEBUG] ComprehensiveDemo Additional debug log entry entry_number=108 log_sequence=109 random_data={'value': 967, 'timestamp': 1759062429.8072019, 'uuid': '886ff59b-cccd-400b-89fa-56abf81786cb'}
2025-09-28 17:57:09 [   DEBUG] ComprehensiveDemo Additional debug log entry entry_number=109 log_sequence=110 random_data={'value': 764, 'timestamp': 1759062429.808237, 'uuid': 'bbb95008-4a27-4305-8408-cd7579c2619c'}
2025-09-28 17:57:09 [   DEBUG] ComprehensiveDemo Additional debug log entry entry_number=110 log_sequence=111 random_data={'value': 145, 'timestamp': 1759062429.8093114, 'uuid': '9ee7d3f6-a5c4-49cb-941f-0dc7c6034520'}
2025-09-28 17:57:09 [   DEBUG] ComprehensiveDemo Additional debug log entry entry_number=111 log_sequence=112 random_data={'value': 592, 'timestamp': 1759062429.8104076, 'uuid': '17b3b3a7-326e-48bc-a94e-7bc8d83cc369'}
2025-09-28 17:57:09 [   DEBUG] ComprehensiveDemo Additional debug log entry entry_number=112 log_sequence=113 random_data={'value': 391, 'timestamp': 1759062429.811581, 'uuid': '048c4e1c-9c07-4c75-b121-9dcc898710b5'}
2025-09-28 17:57:09 [   DEBUG] ComprehensiveDemo Additional debug log entry entry_number=113 log_sequence=114 random_data={'value': 303, 'timestamp': 1759062429.8129804, 'uuid': 'b957f980-959c-4623-920c-04a485ec2f59'}
2025-09-28 17:57:09 [   DEBUG] ComprehensiveDemo Additional debug log entry entry_number=114 log_sequence=115 random_data={'value': 139, 'timestamp': 1759062429.814071, 'uuid': '6d85fc45-c383-4ff7-887f-0053fe30737c'}
2025-09-28 17:57:09 [   DEBUG] ComprehensiveDemo Additional debug log entry entry_number=115 log_sequence=116 random_data={'value': 719, 'timestamp': 1759062429.815173, 'uuid': '08a1faee-0a00-4509-93ae-09f42d598e91'}
2025-09-28 17:57:09 [   DEBUG] ComprehensiveDemo Additional debug log entry entry_number=116 log_sequence=117 random_data={'value': 460, 'timestamp': 1759062429.8162675, 'uuid': 'd4e50f43-b32e-4560-a856-4224973e8592'}
2025-09-28 17:57:09 [   DEBUG] ComprehensiveDemo Additional debug log entry entry_number=117 log_sequence=118 random_data={'value': 793, 'timestamp': 1759062429.8173592, 'uuid': '10721397-8ccd-4d1e-bb0c-b9d15103b23e'}
2025-09-28 17:57:09 [   DEBUG] ComprehensiveDemo Additional debug log entry entry_number=118 log_sequence=119 random_data={'value': 837, 'timestamp': 1759062429.8183837, 'uuid': 'b782ce8e-4b23-4f12-ad2a-5eef74492ad1'}
2025-09-28 17:57:09 [   DEBUG] ComprehensiveDemo Additional debug log entry entry_number=119 log_sequence=120 random_data={'value': 707, 'timestamp': 1759062429.8194134, 'uuid': 'bdef5a46-1013-4d66-b7ff-038cd69e61ca'}
2025-09-28 17:57:09 [    INFO] ComprehensiveDemo Generating comprehensive demo summary log_sequence=121 simulation_type=summary
2025-09-28 17:57:09 [    INFO] ComprehensiveDemo Transaction processing summary average_transaction_amount=394.91 completed_transactions=12 failed_transactions=3 log_sequence=122 success_rate_percent=80.0 total_amount_processed=4738.91 total_transactions=15
2025-09-28 17:57:09 [    INFO] ComprehensiveDemo User activity summary active_users=5 admin_users=1 log_sequence=123 total_users=5 user_roles_distribution={'admin': 1, 'moderator': 1, 'user': 3}
2025-09-28 17:57:09 [    INFO] ComprehensiveDemo Comprehensive demo completed successfully all_simulations=['user_authentication', 'transaction_processing', 'system_monitoring', 'error_scenarios'] demo_duration_seconds=0.14083552360534668 demo_status=completed log_file_location=logs\comprehensive_demo.log log_sequence=124 total_log_entries_generated=123
2025-09-28 18:07:14 [   DEBUG] ComprehensiveDemo Sample users generated admin_count=1 log_sequence=1 moderator_count=1 user_count=3 users_generated=5
2025-09-28 18:07:14 [    INFO] ComprehensiveDemo Service initialized successfully environment=development log_file=logs\comprehensive_demo.log log_sequence=2 service=ComprehensiveDemo users_count=5 version=1.0.0
2025-09-28 18:07:14 [    INFO] ComprehensiveDemo Starting comprehensive logging demonstration log_sequence=3 service=ComprehensiveDemo target_log_count=125 version=1.0.0
2025-09-28 18:07:14 [    INFO] ComprehensiveDemo Starting authentication simulation log_sequence=4 simulation_type=user_authentication
2025-09-28 18:07:14 [    INFO] ComprehensiveDemo User login successful email=alice@example.com ip_address=192.168.154.88 log_sequence=5 login_method=oauth name=Alice Johnson role=admin user_agent=Mozilla/5.0 (Windows NT 10.0; Win64; x64) user_id=u001
2025-09-28 18:07:14 [   DEBUG] ComprehensiveDemo User session created log_sequence=6 permissions=['read', 'write'] session_id=ed822a8b-6719-4a18-9b57-18de9ddaac6b session_timeout=3600 user_id=u001
2025-09-28 18:07:14 [    INFO] ComprehensiveDemo User login successful email=bob@example.com ip_address=192.168.225.31 log_sequence=7 login_method=oauth name=Bob Smith role=user user_agent=Mozilla/5.0 (Macintosh; Intel Mac OS X 10_15_7) user_id=u002
2025-09-28 18:07:14 [   DEBUG] ComprehensiveDemo User session created log_sequence=8 permissions=['read'] session_id=799c36e0-82dd-40c7-bcc2-b272e4fbd3c5 session_timeout=3600 user_id=u002
2025-09-28 18:07:14 [ WARNING] ComprehensiveDemo User login failed attempt_count=1 email=carol@example.com failure_reason=invalid_email ip_address=192.168.253.140 log_sequence=9 user_id=u003
2025-09-28 18:07:14 [    INFO] ComprehensiveDemo User login successful email=david@example.com ip_address=192.168.117.207 log_sequence=10 login_method=password name=David Wilson role=moderator user_agent=Mozilla/5.0 (X11; Linux x86_64) user_id=u004
2025-09-28 18:07:14 [   DEBUG] ComprehensiveDemo User session created log_sequence=11 permissions=['read', 'write'] session_id=790e8732-de79-4467-968d-93d851d87d37 session_timeout=3600 user_id=u004
2025-09-28 18:07:14 [    INFO] ComprehensiveDemo User login successful email=eve@example.com ip_address=192.168.62.204 log_sequence=12 login_method=password name=Eve Brown role=user user_agent=Mozilla/5.0 (Macintosh; Intel Mac OS X 10_15_7) user_id=u005
2025-09-28 18:07:14 [   DEBUG] ComprehensiveDemo User session created log_sequence=13 permissions=['read'] session_id=df4c5cd3-19f8-4226-83fd-15fad278aea2 session_timeout=3600 user_id=u005
2025-09-28 18:07:14 [    INFO] ComprehensiveDemo Starting transaction processing simulation log_sequence=14 simulation_type=transaction_processing
2025-09-28 18:07:14 [    INFO] ComprehensiveDemo Transaction initiated amount=478.86 currency=EUR email=bob@example.com log_sequence=15 name=Bob Smith payment_method=digital_wallet processing_fee=11.97 role=user status=pending transaction_id=txn_001 user_id=u002
2025-09-28 18:07:14 [   DEBUG] ComprehensiveDemo Transaction validation started log_sequence=16 transaction_id=txn_001 validation_checks=['amount_limit', 'account_balance', 'fraud_detection']
2025-09-28 18:07:14 [ WARNING] ComprehensiveDemo Transaction failed - insufficient funds amount=478.86 available_balance=383.09 currency=EUR log_sequence=17 required_amount=478.86 status=failed transaction_id=txn_001 user_id=u002
2025-09-28 18:07:14 [    INFO] ComprehensiveDemo Transaction initiated amount=611.36 currency=GBP email=alice@example.com log_sequence=18 name=Alice Johnson payment_method=bank_transfer processing_fee=15.28 role=admin status=pending transaction_id=txn_002 user_id=u001
2025-09-28 18:07:14 [   DEBUG] ComprehensiveDemo Transaction validation started log_sequence=19 transaction_id=txn_002 validation_checks=['amount_limit', 'account_balance', 'fraud_detection']
2025-09-28 18:07:14 [    INFO] ComprehensiveDemo Transaction completed successfully amount=611.36 confirmation_code=CONF_276796 currency=GBP log_sequence=20 processing_time_ms=314 status=completed transaction_id=txn_002 user_id=u001
2025-09-28 18:07:14 [    INFO] ComprehensiveDemo Transaction initiated amount=228.61 currency=GBP email=alice@example.com log_sequence=21 name=Alice Johnson payment_method=credit_card processing_fee=5.72 role=admin status=pending transaction_id=txn_003 user_id=u001
2025-09-28 18:07:14 [   DEBUG] ComprehensiveDemo Transaction validation started log_sequence=22 transaction_id=txn_003 validation_checks=['amount_limit', 'account_balance', 'fraud_detection']
2025-09-28 18:07:14 [    INFO] ComprehensiveDemo Transaction completed successfully amount=228.61 confirmation_code=CONF_669190 currency=GBP log_sequence=23 processing_time_ms=445 status=completed transaction_id=txn_003 user_id=u001
2025-09-28 18:07:14 [    INFO] ComprehensiveDemo Transaction initiated amount=229.58 currency=GBP email=bob@example.com log_sequence=24 name=Bob Smith payment_method=digital_wallet processing_fee=5.74 role=user status=pending transaction_id=txn_004 user_id=u002
2025-09-28 18:07:14 [   DEBUG] ComprehensiveDemo Transaction validation started log_sequence=25 transaction_id=txn_004 validation_checks=['amount_limit', 'account_balance', 'fraud_detection']
2025-09-28 18:07:14 [    INFO] ComprehensiveDemo Transaction completed successfully amount=229.58 confirmation_code=CONF_604473 currency=GBP log_sequence=26 processing_time_ms=212 status=completed transaction_id=txn_004 user_id=u002
2025-09-28 18:07:14 [    INFO] ComprehensiveDemo Transaction initiated amount=123.19 currency=GBP email=eve@example.com log_sequence=27 name=Eve Brown payment_method=bank_transfer processing_fee=3.08 role=user status=pending transaction_id=txn_005 user_id=u005
2025-09-28 18:07:14 [   DEBUG] ComprehensiveDemo Transaction validation started log_sequence=28 transaction_id=txn_005 validation_checks=['amount_limit', 'account_balance', 'fraud_detection']
2025-09-28 18:07:14 [    INFO] ComprehensiveDemo Transaction completed successfully amount=123.19 confirmation_code=CONF_228382 currency=GBP log_sequence=29 processing_time_ms=232 status=completed transaction_id=txn_005 user_id=u005
2025-09-28 18:07:14 [    INFO] ComprehensiveDemo Transaction initiated amount=309.33 currency=EUR email=carol@example.com log_sequence=30 name=Carol Davis payment_method=bank_transfer processing_fee=7.73 role=user status=pending transaction_id=txn_006 user_id=u003
2025-09-28 18:07:14 [   DEBUG] ComprehensiveDemo Transaction validation started log_sequence=31 transaction_id=txn_006 validation_checks=['amount_limit', 'account_balance', 'fraud_detection']
2025-09-28 18:07:14 [   ERROR] ComprehensiveDemo Transaction blocked - fraud detected amount=309.33 currency=EUR fraud_indicators=['unusual_location', 'high_amount', 'velocity_check'] fraud_score=96 log_sequence=32 status=blocked transaction_id=txn_006 user_id=u003
2025-09-28 18:07:14 [    INFO] ComprehensiveDemo Transaction initiated amount=798.35 currency=USD email=bob@example.com log_sequence=33 name=Bob Smith payment_method=credit_card processing_fee=19.96 role=user status=pending transaction_id=txn_007 user_id=u002
2025-09-28 18:07:14 [   DEBUG] ComprehensiveDemo Transaction validation started log_sequence=34 transaction_id=txn_007 validation_checks=['amount_limit', 'account_balance', 'fraud_detection']
2025-09-28 18:07:14 [    INFO] ComprehensiveDemo Transaction completed successfully amount=798.35 confirmation_code=CONF_511055 currency=USD log_sequence=35 processing_time_ms=477 status=completed transaction_id=txn_007 user_id=u002
2025-09-28 18:07:14 [    INFO] ComprehensiveDemo Transaction initiated amount=47.4 currency=EUR email=alice@example.com log_sequence=36 name=Alice Johnson payment_method=digital_wallet processing_fee=1.19 role=admin status=pending transaction_id=txn_008 user_id=u001
2025-09-28 18:07:14 [   DEBUG] ComprehensiveDemo Transaction validation started log_sequence=37 transaction_id=txn_008 validation_checks=['amount_limit', 'account_balance', 'fraud_detection']
2025-09-28 18:07:14 [    INFO] ComprehensiveDemo Transaction completed successfully amount=47.4 confirmation_code=CONF_882062 currency=EUR log_sequence=38 processing_time_ms=409 status=completed transaction_id=txn_008 user_id=u001
2025-09-28 18:07:14 [    INFO] ComprehensiveDemo Transaction initiated amount=77.74 currency=EUR email=eve@example.com log_sequence=39 name=Eve Brown payment_method=bank_transfer processing_fee=1.94 role=user status=pending transaction_id=txn_009 user_id=u005
2025-09-28 18:07:14 [   DEBUG] ComprehensiveDemo Transaction validation started log_sequence=40 transaction_id=txn_009 validation_checks=['amount_limit', 'account_balance', 'fraud_detection']
2025-09-28 18:07:14 [ WARNING] ComprehensiveDemo Transaction failed - insufficient funds amount=77.74 available_balance=62.19 currency=EUR log_sequence=41 required_amount=77.74 status=failed transaction_id=txn_009 user_id=u005
2025-09-28 18:07:14 [    INFO] ComprehensiveDemo Transaction initiated amount=817.74 currency=USD email=carol@example.com log_sequence=42 name=Carol Davis payment_method=bank_transfer processing_fee=20.44 role=user status=pending transaction_id=txn_010 user_id=u003
2025-09-28 18:07:14 [   DEBUG] ComprehensiveDemo Transaction validation started log_sequence=43 transaction_id=txn_010 validation_checks=['amount_limit', 'account_balance', 'fraud_detection']
2025-09-28 18:07:14 [   ERROR] ComprehensiveDemo Transaction blocked - fraud detected amount=817.74 currency=USD fraud_indicators=['unusual_location', 'high_amount', 'velocity_check'] fraud_score=91 log_sequence=44 status=blocked transaction_id=txn_010 user_id=u003
2025-09-28 18:07:14 [    INFO] ComprehensiveDemo Transaction initiated amount=565.43 currency=USD email=bob@example.com log_sequence=45 name=Bob Smith payment_method=bank_transfer processing_fee=14.14 role=user status=pending transaction_id=txn_011 user_id=u002
2025-09-28 18:07:14 [   DEBUG] ComprehensiveDemo Transaction validation started log_sequence=46 transaction_id=txn_011 validation_checks=['amount_limit', 'account_balance', 'fraud_detection']
2025-09-28 18:07:14 [    INFO] ComprehensiveDemo Transaction completed successfully amount=565.43 confirmation_code=CONF_141937 currency=USD log_sequence=47 processing_time_ms=182 status=completed transaction_id=txn_011 user_id=u002
2025-09-28 18:07:14 [    INFO] ComprehensiveDemo Transaction initiated amount=870.42 currency=GBP email=david@example.com log_sequence=48 name=David Wilson payment_method=bank_transfer processing_fee=21.76 role=moderator status=pending transaction_id=txn_012 user_id=u004
2025-09-28 18:07:14 [   DEBUG] ComprehensiveDemo Transaction validation started log_sequence=49 transaction_id=txn_012 validation_checks=['amount_limit', 'account_balance', 'fraud_detection']
2025-09-28 18:07:14 [    INFO] ComprehensiveDemo Transaction completed successfully amount=870.42 confirmation_code=CONF_988864 currency=GBP log_sequence=50 processing_time_ms=338 status=completed transaction_id=txn_012 user_id=u004
2025-09-28 18:07:14 [    INFO] ComprehensiveDemo Transaction initiated amount=847.83 currency=USD email=carol@example.com log_sequence=51 name=Carol Davis payment_method=bank_transfer processing_fee=21.2 role=user status=pending transaction_id=txn_013 user_id=u003
2025-09-28 18:07:14 [   DEBUG] ComprehensiveDemo Transaction validation started log_sequence=52 transaction_id=txn_013 validation_checks=['amount_limit', 'account_balance', 'fraud_detection']
2025-09-28 18:07:14 [    INFO] ComprehensiveDemo Transaction completed successfully amount=847.83 confirmation_code=CONF_396987 currency=USD log_sequence=53 processing_time_ms=227 status=completed transaction_id=txn_013 user_id=u003
2025-09-28 18:07:14 [    INFO] ComprehensiveDemo Transaction initiated amount=98.6 currency=USD email=bob@example.com log_sequence=54 name=Bob Smith payment_method=credit_card processing_fee=2.46 role=user status=pending transaction_id=txn_014 user_id=u002
2025-09-28 18:07:14 [   DEBUG] ComprehensiveDemo Transaction validation started log_sequence=55 transaction_id=txn_014 validation_checks=['amount_limit', 'account_balance', 'fraud_detection']
2025-09-28 18:07:14 [   ERROR] ComprehensiveDemo Transaction blocked - fraud detected amount=98.6 currency=USD fraud_indicators=['unusual_location', 'high_amount', 'velocity_check'] fraud_score=96 log_sequence=56 status=blocked transaction_id=txn_014 user_id=u002
2025-09-28 18:07:14 [    INFO] ComprehensiveDemo Transaction initiated amount=384.95 currency=EUR email=alice@example.com log_sequence=57 name=Alice Johnson payment_method=credit_card processing_fee=9.62 role=admin status=pending transaction_id=txn_015 user_id=u001
2025-09-28 18:07:14 [   DEBUG] ComprehensiveDemo Transaction validation started log_sequence=58 transaction_id=txn_015 validation_checks=['amount_limit', 'account_balance', 'fraud_detection']
2025-09-28 18:07:14 [    INFO] ComprehensiveDemo Transaction completed successfully amount=384.95 confirmation_code=CONF_765255 currency=EUR log_sequence=59 processing_time_ms=474 status=completed transaction_id=txn_015 user_id=u001
2025-09-28 18:07:14 [    INFO] ComprehensiveDemo Starting system monitoring simulation log_sequence=60 simulation_type=system_monitoring
2025-09-28 18:07:14 [ WARNING] ComprehensiveDemo Database health check slow database=primary_db log_sequence=61 recommendation=investigate_performance response_time_ms=36.13 threshold_ms=30
2025-09-28 18:07:14 [   DEBUG] ComprehensiveDemo Database health check passed active_connections=3 connection_pool_size=10 database=replica_db log_sequence=62 response_time_ms=25.29
2025-09-28 18:07:14 [   DEBUG] ComprehensiveDemo Database health check passed active_connections=6 connection_pool_size=15 database=cache_db log_sequence=63 response_time_ms=13.41
2025-09-28 18:07:14 [   DEBUG] ComprehensiveDemo API endpoint healthy endpoint=/api/users log_sequence=64 requests_per_minute=128 response_time_ms=197.56 status_code=200
2025-09-28 18:07:14 [   DEBUG] ComprehensiveDemo API endpoint healthy endpoint=/api/transactions log_sequence=65 requests_per_minute=387 response_time_ms=288.45 status_code=200
2025-09-28 18:07:14 [   DEBUG] ComprehensiveDemo API endpoint healthy endpoint=/api/auth log_sequence=66 requests_per_minute=733 response_time_ms=140.26 status_code=200
2025-09-28 18:07:14 [ WARNING] ComprehensiveDemo API endpoint issue detected endpoint=/api/reports error_rate_percent=2.600577647585499 log_sequence=67 response_time_ms=73.56 status_code=404
2025-09-28 18:07:14 [    INFO] ComprehensiveDemo System resource utilization cpu_usage_percent=24.88 disk_usage_percent=89.36 load_average=3.54 log_sequence=68 memory_usage_percent=65.82 network_io_mbps=38.76
2025-09-28 18:07:14 [    INFO] ComprehensiveDemo Starting error scenario simulation log_sequence=69 simulation_type=error_scenarios
2025-09-28 18:07:14 [CRITICAL] ComprehensiveDemo Critical system error: Database connection pool exhausted affected_users=418 error_type=system_critical estimated_recovery_time_minutes=7 impact=service_degraded incident_id=INC_943462 log_sequence=70
2025-09-28 18:07:14 [CRITICAL] ComprehensiveDemo Critical system error: Payment gateway unavailable affected_users=269 error_type=system_critical estimated_recovery_time_minutes=30 impact=service_degraded incident_id=INC_731785 log_sequence=71
2025-09-28 18:07:14 [   ERROR] ComprehensiveDemo Application error: Invalid JSON payload auto_retry=True error_type=application log_sequence=72 request_id=0efffa6f-1946-4f3e-96f0-eaab1057b1dd stack_trace_available=True user_id=u001
2025-09-28 18:07:14 [   ERROR] ComprehensiveDemo Application error: Rate limit exceeded auto_retry=True error_type=application log_sequence=73 request_id=8c6b21ef-cbb7-4ddb-9ab3-ba712a5c1d31 stack_trace_available=True user_id=u004
2025-09-28 18:07:14 [   ERROR] ComprehensiveDemo Application error: Unauthorized access attempt auto_retry=False error_type=application log_sequence=74 request_id=172d542c-32a4-416a-8888-1428fe1efe4b stack_trace_available=True user_id=u004
2025-09-28 18:07:14 [   ERROR] ComprehensiveDemo Application error: Data validation failed auto_retry=True error_type=application log_sequence=75 request_id=3d9457f9-d86d-415a-86e8-996df38251af stack_trace_available=True user_id=u002
2025-09-28 18:07:14 [   DEBUG] ComprehensiveDemo Additional debug log entry entry_number=75 log_sequence=76 random_data={'value': 533, 'timestamp': 1759063034.3568916, 'uuid': '8b14478f-14ab-4320-9bc1-1dacd67a9ff3'}
2025-09-28 18:07:14 [   DEBUG] ComprehensiveDemo Additional debug log entry entry_number=76 log_sequence=77 random_data={'value': 188, 'timestamp': 1759063034.358199, 'uuid': 'e94e98b8-db61-413c-a0c9-0204ed11a25f'}
2025-09-28 18:07:14 [   DEBUG] ComprehensiveDemo Additional debug log entry entry_number=77 log_sequence=78 random_data={'value': 854, 'timestamp': 1759063034.3598237, 'uuid': 'c62d16cd-4dbc-4b40-95ec-8acad5c42f2e'}
2025-09-28 18:07:14 [   DEBUG] ComprehensiveDemo Additional debug log entry entry_number=78 log_sequence=79 random_data={'value': 472, 'timestamp': 1759063034.361002, 'uuid': 'febbedcd-67c3-44b3-9c09-aaf5f352ca07'}
2025-09-28 18:07:14 [   DEBUG] ComprehensiveDemo Additional debug log entry entry_number=79 log_sequence=80 random_data={'value': 634, 'timestamp': 1759063034.3621411, 'uuid': '41c3b796-19ef-4d74-b33c-cad09e03de69'}
2025-09-28 18:07:14 [   DEBUG] ComprehensiveDemo Additional debug log entry entry_number=80 log_sequence=81 random_data={'value': 833, 'timestamp': 1759063034.3633876, 'uuid': 'e2ecb10a-068a-4567-937f-0c4d22403218'}
2025-09-28 18:07:14 [   DEBUG] ComprehensiveDemo Additional debug log entry entry_number=81 log_sequence=82 random_data={'value': 48, 'timestamp': 1759063034.3646011, 'uuid': '4aba9b8e-69f2-45b3-bcde-344e3196381e'}
2025-09-28 18:07:14 [   DEBUG] ComprehensiveDemo Additional debug log entry entry_number=82 log_sequence=83 random_data={'value': 411, 'timestamp': 1759063034.3657112, 'uuid': 'acf543ec-9d33-4ddc-9cc4-d36f4ae26b43'}
2025-09-28 18:07:14 [   DEBUG] ComprehensiveDemo Additional debug log entry entry_number=83 log_sequence=84 random_data={'value': 859, 'timestamp': 1759063034.3668196, 'uuid': '7280b37b-f1da-4e5d-b594-4c5f47de51ac'}
2025-09-28 18:07:14 [   DEBUG] ComprehensiveDemo Additional debug log entry entry_number=84 log_sequence=85 random_data={'value': 691, 'timestamp': 1759063034.3679628, 'uuid': 'e48d46d2-102b-445c-956a-c87c918deb10'}
2025-09-28 18:07:14 [   DEBUG] ComprehensiveDemo Additional debug log entry entry_number=85 log_sequence=86 random_data={'value': 698, 'timestamp': 1759063034.3691273, 'uuid': 'beefa2f6-fa98-4796-b987-00dec3e1b92b'}
2025-09-28 18:07:14 [   DEBUG] ComprehensiveDemo Additional debug log entry entry_number=86 log_sequence=87 random_data={'value': 392, 'timestamp': 1759063034.3702245, 'uuid': '4ec8a214-436f-4414-8baa-a9b05e72c477'}
2025-09-28 18:07:14 [   DEBUG] ComprehensiveDemo Additional debug log entry entry_number=87 log_sequence=88 random_data={'value': 938, 'timestamp': 1759063034.37144, 'uuid': '253b4955-5e02-4999-90e9-448f56b400fc'}
2025-09-28 18:07:14 [   DEBUG] ComprehensiveDemo Additional debug log entry entry_number=88 log_sequence=89 random_data={'value': 557, 'timestamp': 1759063034.372692, 'uuid': 'd3cef8eb-b58e-47d9-9d91-9c1785413df4'}
2025-09-28 18:07:14 [   DEBUG] ComprehensiveDemo Additional debug log entry entry_number=89 log_sequence=90 random_data={'value': 799, 'timestamp': 1759063034.3739154, 'uuid': '102dfb81-2f25-41cb-9536-4e0b577ae111'}
2025-09-28 18:07:14 [   DEBUG] ComprehensiveDemo Additional debug log entry entry_number=90 log_sequence=91 random_data={'value': 69, 'timestamp': 1759063034.375173, 'uuid': '1301827d-65b3-49e7-bf4c-27004873c740'}
2025-09-28 18:07:14 [   DEBUG] ComprehensiveDemo Additional debug log entry entry_number=91 log_sequence=92 random_data={'value': 541, 'timestamp': 1759063034.3761842, 'uuid': 'c9678613-14b5-4c29-85f2-9bf037687be0'}
2025-09-28 18:07:14 [   DEBUG] ComprehensiveDemo Additional debug log entry entry_number=92 log_sequence=93 random_data={'value': 404, 'timestamp': 1759063034.3771677, 'uuid': '88241507-7350-4b2f-b9a7-859bedd10374'}
2025-09-28 18:07:14 [   DEBUG] ComprehensiveDemo Additional debug log entry entry_number=93 log_sequence=94 random_data={'value': 842, 'timestamp': 1759063034.3781998, 'uuid': '1696c2a7-25c7-4d52-a77b-ae418544ad9c'}
2025-09-28 18:07:14 [   DEBUG] ComprehensiveDemo Additional debug log entry entry_number=94 log_sequence=95 random_data={'value': 825, 'timestamp': 1759063034.3793828, 'uuid': '74248f14-84eb-445b-8bca-3ea70f1dfdd4'}
2025-09-28 18:07:14 [   DEBUG] ComprehensiveDemo Additional debug log entry entry_number=95 log_sequence=96 random_data={'value': 300, 'timestamp': 1759063034.3805308, 'uuid': '47d6e962-bcc4-4729-957c-88867b7e2bf1'}
2025-09-28 18:07:14 [   DEBUG] ComprehensiveDemo Additional debug log entry entry_number=96 log_sequence=97 random_data={'value': 558, 'timestamp': 1759063034.3816285, 'uuid': 'db24eb5d-d896-4b76-ab88-17ef65355b51'}
2025-09-28 18:07:14 [   DEBUG] ComprehensiveDemo Additional debug log entry entry_number=97 log_sequence=98 random_data={'value': 178, 'timestamp': 1759063034.3827693, 'uuid': 'a70f4d1e-f5d8-4bbc-a9a0-bbdbaa76b871'}
2025-09-28 18:07:14 [   DEBUG] ComprehensiveDemo Additional debug log entry entry_number=98 log_sequence=99 random_data={'value': 365, 'timestamp': 1759063034.383892, 'uuid': '6e54fd5d-379e-492c-af08-795cdeb63ebb'}
2025-09-28 18:07:14 [   DEBUG] ComprehensiveDemo Additional debug log entry entry_number=99 log_sequence=100 random_data={'value': 87, 'timestamp': 1759063034.3849845, 'uuid': 'f26d30d6-7b10-47e3-b541-22493db3a21e'}
2025-09-28 18:07:14 [   DEBUG] ComprehensiveDemo Additional debug log entry entry_number=100 log_sequence=101 random_data={'value': 259, 'timestamp': 1759063034.386118, 'uuid': 'cd2dcdee-eaec-487e-8961-6dcafd1b1dc1'}
2025-09-28 18:07:14 [   DEBUG] ComprehensiveDemo Additional debug log entry entry_number=101 log_sequence=102 random_data={'value': 591, 'timestamp': 1759063034.3873212, 'uuid': '9b0b5ad9-4993-4eaa-8078-5e20283055e1'}
2025-09-28 18:07:14 [   DEBUG] ComprehensiveDemo Additional debug log entry entry_number=102 log_sequence=103 random_data={'value': 438, 'timestamp': 1759063034.3884282, 'uuid': '3959cc46-31e8-4dec-b76f-39be0837e5dd'}
2025-09-28 18:07:14 [   DEBUG] ComprehensiveDemo Additional debug log entry entry_number=103 log_sequence=104 random_data={'value': 102, 'timestamp': 1759063034.3895917, 'uuid': 'a7b1ecc3-3723-4dc3-ae86-50ef82631697'}
2025-09-28 18:07:14 [   DEBUG] ComprehensiveDemo Additional debug log entry entry_number=104 log_sequence=105 random_data={'value': 618, 'timestamp': 1759063034.3907037, 'uuid': 'a4746224-5ae0-4ac0-b554-904dd8861308'}
2025-09-28 18:07:14 [   DEBUG] ComprehensiveDemo Additional debug log entry entry_number=105 log_sequence=106 random_data={'value': 560, 'timestamp': 1759063034.3918421, 'uuid': '8c193524-300a-4748-aa4a-481449c99856'}
2025-09-28 18:07:14 [   DEBUG] ComprehensiveDemo Additional debug log entry entry_number=106 log_sequence=107 random_data={'value': 472, 'timestamp': 1759063034.3929758, 'uuid': 'f7bfc292-24f5-46d8-ba27-aed17ece1d11'}
2025-09-28 18:07:14 [   DEBUG] ComprehensiveDemo Additional debug log entry entry_number=107 log_sequence=108 random_data={'value': 905, 'timestamp': 1759063034.394183, 'uuid': '0d0cc07c-5e18-4988-bfb5-af69dd73fc2d'}
2025-09-28 18:07:14 [   DEBUG] ComprehensiveDemo Additional debug log entry entry_number=108 log_sequence=109 random_data={'value': 479, 'timestamp': 1759063034.395292, 'uuid': '5a877229-052e-4c3b-a02e-1df7f51d5fe4'}
2025-09-28 18:07:14 [   DEBUG] ComprehensiveDemo Additional debug log entry entry_number=109 log_sequence=110 random_data={'value': 745, 'timestamp': 1759063034.3964112, 'uuid': '4deac46c-b36c-4034-8813-9e6d9fb2bc3a'}
2025-09-28 18:07:14 [   DEBUG] ComprehensiveDemo Additional debug log entry entry_number=110 log_sequence=111 random_data={'value': 243, 'timestamp': 1759063034.3974843, 'uuid': 'ac6edee5-dbcd-410a-bf6c-9461f35f3a63'}
2025-09-28 18:07:14 [   DEBUG] ComprehensiveDemo Additional debug log entry entry_number=111 log_sequence=112 random_data={'value': 611, 'timestamp': 1759063034.3985093, 'uuid': 'be195683-4262-4d5d-b34c-6e7cfc287543'}
2025-09-28 18:07:14 [   DEBUG] ComprehensiveDemo Additional debug log entry entry_number=112 log_sequence=113 random_data={'value': 799, 'timestamp': 1759063034.3997579, 'uuid': 'ee639b69-fef1-4155-8a0b-d27b5b9cc0b7'}
2025-09-28 18:07:14 [   DEBUG] ComprehensiveDemo Additional debug log entry entry_number=113 log_sequence=114 random_data={'value': 588, 'timestamp': 1759063034.4008238, 'uuid': '75b0c928-efa0-4000-992a-ab9dde743d5e'}
2025-09-28 18:07:14 [   DEBUG] ComprehensiveDemo Additional debug log entry entry_number=114 log_sequence=115 random_data={'value': 311, 'timestamp': 1759063034.4019268, 'uuid': '24f9f43a-51e3-48cd-9302-d94602f9b021'}
2025-09-28 18:07:14 [   DEBUG] ComprehensiveDemo Additional debug log entry entry_number=115 log_sequence=116 random_data={'value': 382, 'timestamp': 1759063034.4030461, 'uuid': '68170e0c-1018-4479-9d79-e9f2ec9f8828'}
2025-09-28 18:07:14 [   DEBUG] ComprehensiveDemo Additional debug log entry entry_number=116 log_sequence=117 random_data={'value': 873, 'timestamp': 1759063034.404171, 'uuid': 'b9c82296-9812-4775-91fe-954df0efc9cd'}
2025-09-28 18:07:14 [   DEBUG] ComprehensiveDemo Additional debug log entry entry_number=117 log_sequence=118 random_data={'value': 179, 'timestamp': 1759063034.4053044, 'uuid': '31d5c589-38f0-44aa-bb89-f5e95392febf'}
2025-09-28 18:07:14 [   DEBUG] ComprehensiveDemo Additional debug log entry entry_number=118 log_sequence=119 random_data={'value': 865, 'timestamp': 1759063034.4065077, 'uuid': 'ae00d1ff-c380-49c6-a08d-37f2baaf72eb'}
2025-09-28 18:07:14 [   DEBUG] ComprehensiveDemo Additional debug log entry entry_number=119 log_sequence=120 random_data={'value': 618, 'timestamp': 1759063034.4076674, 'uuid': '6e26e28a-3978-4979-9ec7-7c0b3720b3b7'}
2025-09-28 18:07:14 [    INFO] ComprehensiveDemo Generating comprehensive demo summary log_sequence=121 simulation_type=summary
2025-09-28 18:07:14 [    INFO] ComprehensiveDemo Transaction processing summary average_transaction_amount=470.71 completed_transactions=10 failed_transactions=5 log_sequence=122 success_rate_percent=66.67 total_amount_processed=4707.12 total_transactions=15
2025-09-28 18:07:14 [    INFO] ComprehensiveDemo User activity summary active_users=3 admin_users=1 log_sequence=123 total_users=5 user_roles_distribution={'admin': 1, 'moderator': 1, 'user': 3}
2025-09-28 18:07:14 [    INFO] ComprehensiveDemo Comprehensive demo completed successfully all_simulations=['user_authentication', 'transaction_processing', 'system_monitoring', 'error_scenarios'] demo_duration_seconds=0.13907480239868164 demo_status=completed log_file_location=logs\comprehensive_demo.log log_sequence=124 total_log_entries_generated=123
2025-09-28 18:14:09 [   DEBUG] ComprehensiveDemo Sample users generated admin_count=1 log_sequence=1 moderator_count=1 user_count=3 users_generated=5
2025-09-28 18:14:09 [    INFO] ComprehensiveDemo Service initialized successfully environment=development log_file=logs\comprehensive_demo.log log_sequence=2 service=ComprehensiveDemo users_count=5 version=1.0.0
2025-09-28 18:14:09 [    INFO] ComprehensiveDemo Starting comprehensive logging demonstration log_sequence=3 service=ComprehensiveDemo target_log_count=125 version=1.0.0
2025-09-28 18:14:09 [    INFO] ComprehensiveDemo Starting authentication simulation log_sequence=4 simulation_type=user_authentication
2025-09-28 18:14:09 [    INFO] ComprehensiveDemo User login successful email=alice@example.com ip_address=192.168.209.219 log_sequence=5 login_method=password name=Alice Johnson role=admin user_agent=Mozilla/5.0 (Macintosh; Intel Mac OS X 10_15_7) user_id=u001
2025-09-28 18:14:09 [   DEBUG] ComprehensiveDemo User session created log_sequence=6 permissions=['read', 'write'] session_id=cf4b6d0c-db44-45d3-8b90-c2d05819c113 session_timeout=3600 user_id=u001
2025-09-28 18:14:09 [ WARNING] ComprehensiveDemo User login failed attempt_count=4 email=bob@example.com failure_reason=invalid_email ip_address=192.168.93.232 log_sequence=7 user_id=u002
2025-09-28 18:14:09 [    INFO] ComprehensiveDemo User login successful email=carol@example.com ip_address=192.168.202.77 log_sequence=8 login_method=password name=Carol Davis role=user user_agent=Mozilla/5.0 (Windows NT 10.0; Win64; x64) user_id=u003
2025-09-28 18:14:09 [   DEBUG] ComprehensiveDemo User session created log_sequence=9 permissions=['read'] session_id=36ef7a86-442b-4f08-b1fd-a308bde39c0f session_timeout=3600 user_id=u003
2025-09-28 18:14:09 [    INFO] ComprehensiveDemo User login successful email=david@example.com ip_address=192.168.181.18 log_sequence=10 login_method=password name=David Wilson role=moderator user_agent=Mozilla/5.0 (Macintosh; Intel Mac OS X 10_15_7) user_id=u004
2025-09-28 18:14:09 [   DEBUG] ComprehensiveDemo User session created log_sequence=11 permissions=['read', 'write'] session_id=7ee88061-b561-4aa0-8b57-db285e021734 session_timeout=3600 user_id=u004
2025-09-28 18:14:09 [    INFO] ComprehensiveDemo User login successful email=eve@example.com ip_address=192.168.94.105 log_sequence=12 login_method=sso name=Eve Brown role=user user_agent=Mozilla/5.0 (X11; Linux x86_64) user_id=u005
2025-09-28 18:14:09 [   DEBUG] ComprehensiveDemo User session created log_sequence=13 permissions=['read'] session_id=cc586031-5e37-40b7-8ee1-d83ac57302b7 session_timeout=3600 user_id=u005
2025-09-28 18:14:09 [    INFO] ComprehensiveDemo Starting transaction processing simulation log_sequence=14 simulation_type=transaction_processing
2025-09-28 18:14:09 [    INFO] ComprehensiveDemo Transaction initiated amount=747.54 currency=EUR email=alice@example.com log_sequence=15 name=Alice Johnson payment_method=digital_wallet processing_fee=18.69 role=admin status=pending transaction_id=txn_001 user_id=u001
2025-09-28 18:14:09 [   DEBUG] ComprehensiveDemo Transaction validation started log_sequence=16 transaction_id=txn_001 validation_checks=['amount_limit', 'account_balance', 'fraud_detection']
2025-09-28 18:14:09 [    INFO] ComprehensiveDemo Transaction completed successfully amount=747.54 confirmation_code=CONF_781366 currency=EUR log_sequence=17 processing_time_ms=462 status=completed transaction_id=txn_001 user_id=u001
2025-09-28 18:14:09 [    INFO] ComprehensiveDemo Transaction initiated amount=522.68 currency=EUR email=bob@example.com log_sequence=18 name=Bob Smith payment_method=bank_transfer processing_fee=13.07 role=user status=pending transaction_id=txn_002 user_id=u002
2025-09-28 18:14:09 [   DEBUG] ComprehensiveDemo Transaction validation started log_sequence=19 transaction_id=txn_002 validation_checks=['amount_limit', 'account_balance', 'fraud_detection']
2025-09-28 18:14:09 [    INFO] ComprehensiveDemo Transaction completed successfully amount=522.68 confirmation_code=CONF_206673 currency=EUR log_sequence=20 processing_time_ms=181 status=completed transaction_id=txn_002 user_id=u002
2025-09-28 18:14:09 [    INFO] ComprehensiveDemo Transaction initiated amount=531.67 currency=USD email=bob@example.com log_sequence=21 name=Bob Smith payment_method=digital_wallet processing_fee=13.29 role=user status=pending transaction_id=txn_003 user_id=u002
2025-09-28 18:14:09 [   DEBUG] ComprehensiveDemo Transaction validation started log_sequence=22 transaction_id=txn_003 validation_checks=['amount_limit', 'account_balance', 'fraud_detection']
2025-09-28 18:14:09 [   ERROR] ComprehensiveDemo Transaction blocked - fraud detected amount=531.67 currency=USD fraud_indicators=['unusual_location', 'high_amount', 'velocity_check'] fraud_score=88 log_sequence=23 status=blocked transaction_id=txn_003 user_id=u002
2025-09-28 18:14:09 [    INFO] ComprehensiveDemo Transaction initiated amount=702.23 currency=GBP email=bob@example.com log_sequence=24 name=Bob Smith payment_method=credit_card processing_fee=17.56 role=user status=pending transaction_id=txn_004 user_id=u002
2025-09-28 18:14:09 [   DEBUG] ComprehensiveDemo Transaction validation started log_sequence=25 transaction_id=txn_004 validation_checks=['amount_limit', 'account_balance', 'fraud_detection']
2025-09-28 18:14:09 [    INFO] ComprehensiveDemo Transaction completed successfully amount=702.23 confirmation_code=CONF_699679 currency=GBP log_sequence=26 processing_time_ms=488 status=completed transaction_id=txn_004 user_id=u002
2025-09-28 18:14:09 [    INFO] ComprehensiveDemo Transaction initiated amount=28.73 currency=GBP email=carol@example.com log_sequence=27 name=Carol Davis payment_method=credit_card processing_fee=0.72 role=user status=pending transaction_id=txn_005 user_id=u003
2025-09-28 18:14:09 [   DEBUG] ComprehensiveDemo Transaction validation started log_sequence=28 transaction_id=txn_005 validation_checks=['amount_limit', 'account_balance', 'fraud_detection']
2025-09-28 18:14:09 [    INFO] ComprehensiveDemo Transaction completed successfully amount=28.73 confirmation_code=CONF_402361 currency=GBP log_sequence=29 processing_time_ms=318 status=completed transaction_id=txn_005 user_id=u003
2025-09-28 18:14:09 [    INFO] ComprehensiveDemo Transaction initiated amount=751.28 currency=USD email=david@example.com log_sequence=30 name=David Wilson payment_method=digital_wallet processing_fee=18.78 role=moderator status=pending transaction_id=txn_006 user_id=u004
2025-09-28 18:14:09 [   DEBUG] ComprehensiveDemo Transaction validation started log_sequence=31 transaction_id=txn_006 validation_checks=['amount_limit', 'account_balance', 'fraud_detection']
2025-09-28 18:14:09 [    INFO] ComprehensiveDemo Transaction completed successfully amount=751.28 confirmation_code=CONF_501877 currency=USD log_sequence=32 processing_time_ms=332 status=completed transaction_id=txn_006 user_id=u004
2025-09-28 18:14:09 [    INFO] ComprehensiveDemo Transaction initiated amount=13.97 currency=EUR email=david@example.com log_sequence=33 name=David Wilson payment_method=bank_transfer processing_fee=0.35 role=moderator status=pending transaction_id=txn_007 user_id=u004
2025-09-28 18:14:09 [   DEBUG] ComprehensiveDemo Transaction validation started log_sequence=34 transaction_id=txn_007 validation_checks=['amount_limit', 'account_balance', 'fraud_detection']
2025-09-28 18:14:09 [   ERROR] ComprehensiveDemo Transaction blocked - fraud detected amount=13.97 currency=EUR fraud_indicators=['unusual_location', 'high_amount', 'velocity_check'] fraud_score=86 log_sequence=35 status=blocked transaction_id=txn_007 user_id=u004
2025-09-28 18:14:09 [    INFO] ComprehensiveDemo Transaction initiated amount=327.03 currency=EUR email=alice@example.com log_sequence=36 name=Alice Johnson payment_method=credit_card processing_fee=8.18 role=admin status=pending transaction_id=txn_008 user_id=u001
2025-09-28 18:14:09 [   DEBUG] ComprehensiveDemo Transaction validation started log_sequence=37 transaction_id=txn_008 validation_checks=['amount_limit', 'account_balance', 'fraud_detection']
2025-09-28 18:14:09 [    INFO] ComprehensiveDemo Transaction completed successfully amount=327.03 confirmation_code=CONF_865228 currency=EUR log_sequence=38 processing_time_ms=439 status=completed transaction_id=txn_008 user_id=u001
2025-09-28 18:14:09 [    INFO] ComprehensiveDemo Transaction initiated amount=987.0 currency=GBP email=alice@example.com log_sequence=39 name=Alice Johnson payment_method=digital_wallet processing_fee=24.68 role=admin status=pending transaction_id=txn_009 user_id=u001
2025-09-28 18:14:09 [   DEBUG] ComprehensiveDemo Transaction validation started log_sequence=40 transaction_id=txn_009 validation_checks=['amount_limit', 'account_balance', 'fraud_detection']
2025-09-28 18:14:09 [    INFO] ComprehensiveDemo Transaction completed successfully amount=987.0 confirmation_code=CONF_970973 currency=GBP log_sequence=41 processing_time_ms=136 status=completed transaction_id=txn_009 user_id=u001
2025-09-28 18:14:09 [    INFO] ComprehensiveDemo Transaction initiated amount=913.59 currency=EUR email=david@example.com log_sequence=42 name=David Wilson payment_method=credit_card processing_fee=22.84 role=moderator status=pending transaction_id=txn_010 user_id=u004
2025-09-28 18:14:09 [   DEBUG] ComprehensiveDemo Transaction validation started log_sequence=43 transaction_id=txn_010 validation_checks=['amount_limit', 'account_balance', 'fraud_detection']
2025-09-28 18:14:09 [   ERROR] ComprehensiveDemo Transaction blocked - fraud detected amount=913.59 currency=EUR fraud_indicators=['unusual_location', 'high_amount', 'velocity_check'] fraud_score=99 log_sequence=44 status=blocked transaction_id=txn_010 user_id=u004
2025-09-28 18:14:09 [    INFO] ComprehensiveDemo Transaction initiated amount=635.17 currency=GBP email=bob@example.com log_sequence=45 name=Bob Smith payment_method=credit_card processing_fee=15.88 role=user status=pending transaction_id=txn_011 user_id=u002
2025-09-28 18:14:09 [   DEBUG] ComprehensiveDemo Transaction validation started log_sequence=46 transaction_id=txn_011 validation_checks=['amount_limit', 'account_balance', 'fraud_detection']
2025-09-28 18:14:09 [    INFO] ComprehensiveDemo Transaction completed successfully amount=635.17 confirmation_code=CONF_984783 currency=GBP log_sequence=47 processing_time_ms=369 status=completed transaction_id=txn_011 user_id=u002
2025-09-28 18:14:09 [    INFO] ComprehensiveDemo Transaction initiated amount=856.82 currency=EUR email=carol@example.com log_sequence=48 name=Carol Davis payment_method=bank_transfer processing_fee=21.42 role=user status=pending transaction_id=txn_012 user_id=u003
2025-09-28 18:14:09 [   DEBUG] ComprehensiveDemo Transaction validation started log_sequence=49 transaction_id=txn_012 validation_checks=['amount_limit', 'account_balance', 'fraud_detection']
2025-09-28 18:14:09 [    INFO] ComprehensiveDemo Transaction completed successfully amount=856.82 confirmation_code=CONF_308754 currency=EUR log_sequence=50 processing_time_ms=438 status=completed transaction_id=txn_012 user_id=u003
2025-09-28 18:14:09 [    INFO] ComprehensiveDemo Transaction initiated amount=94.64 currency=USD email=alice@example.com log_sequence=51 name=Alice Johnson payment_method=credit_card processing_fee=2.37 role=admin status=pending transaction_id=txn_013 user_id=u001
2025-09-28 18:14:09 [   DEBUG] ComprehensiveDemo Transaction validation started log_sequence=52 transaction_id=txn_013 validation_checks=['amount_limit', 'account_balance', 'fraud_detection']
2025-09-28 18:14:09 [   ERROR] ComprehensiveDemo Transaction blocked - fraud detected amount=94.64 currency=USD fraud_indicators=['unusual_location', 'high_amount', 'velocity_check'] fraud_score=84 log_sequence=53 status=blocked transaction_id=txn_013 user_id=u001
2025-09-28 18:14:09 [    INFO] ComprehensiveDemo Transaction initiated amount=386.45 currency=GBP email=carol@example.com log_sequence=54 name=Carol Davis payment_method=digital_wallet processing_fee=9.66 role=user status=pending transaction_id=txn_014 user_id=u003
2025-09-28 18:14:09 [   DEBUG] ComprehensiveDemo Transaction validation started log_sequence=55 transaction_id=txn_014 validation_checks=['amount_limit', 'account_balance', 'fraud_detection']
2025-09-28 18:14:09 [   ERROR] ComprehensiveDemo Transaction failed - network error amount=386.45 currency=GBP error_code=NET_001 log_sequence=56 next_retry_in_seconds=30 retry_count=1 status=error transaction_id=txn_014 user_id=u003
2025-09-28 18:14:09 [    INFO] ComprehensiveDemo Transaction initiated amount=130.91 currency=USD email=alice@example.com log_sequence=57 name=Alice Johnson payment_method=digital_wallet processing_fee=3.27 role=admin status=pending transaction_id=txn_015 user_id=u001
2025-09-28 18:14:09 [   DEBUG] ComprehensiveDemo Transaction validation started log_sequence=58 transaction_id=txn_015 validation_checks=['amount_limit', 'account_balance', 'fraud_detection']
2025-09-28 18:14:09 [    INFO] ComprehensiveDemo Transaction completed successfully amount=130.91 confirmation_code=CONF_332523 currency=USD log_sequence=59 processing_time_ms=296 status=completed transaction_id=txn_015 user_id=u001
2025-09-28 18:14:09 [    INFO] ComprehensiveDemo Starting system monitoring simulation log_sequence=60 simulation_type=system_monitoring
2025-09-28 18:14:09 [ WARNING] ComprehensiveDemo Database health check slow database=primary_db log_sequence=61 recommendation=investigate_performance response_time_ms=47.57 threshold_ms=30
2025-09-28 18:14:09 [   DEBUG] ComprehensiveDemo Database health check passed active_connections=12 connection_pool_size=18 database=replica_db log_sequence=62 response_time_ms=26.03
2025-09-28 18:14:09 [   DEBUG] ComprehensiveDemo Database health check passed active_connections=11 connection_pool_size=12 database=cache_db log_sequence=63 response_time_ms=19.78
2025-09-28 18:14:09 [   DEBUG] ComprehensiveDemo API endpoint healthy endpoint=/api/users log_sequence=64 requests_per_minute=151 response_time_ms=212.15 status_code=200
2025-09-28 18:14:09 [   DEBUG] ComprehensiveDemo API endpoint healthy endpoint=/api/transactions log_sequence=65 requests_per_minute=484 response_time_ms=175.66 status_code=200
2025-09-28 18:14:09 [   DEBUG] ComprehensiveDemo API endpoint healthy endpoint=/api/auth log_sequence=66 requests_per_minute=106 response_time_ms=98.05 status_code=200
2025-09-28 18:14:09 [   DEBUG] ComprehensiveDemo API endpoint healthy endpoint=/api/reports log_sequence=67 requests_per_minute=497 response_time_ms=204.17 status_code=200
2025-09-28 18:14:09 [    INFO] ComprehensiveDemo System resource utilization cpu_usage_percent=44.58 disk_usage_percent=92.14 load_average=0.68 log_sequence=68 memory_usage_percent=70.8 network_io_mbps=79.63
2025-09-28 18:14:09 [    INFO] ComprehensiveDemo Starting error scenario simulation log_sequence=69 simulation_type=error_scenarios
2025-09-28 18:14:09 [CRITICAL] ComprehensiveDemo Critical system error: Database connection pool exhausted affected_users=162 error_type=system_critical estimated_recovery_time_minutes=19 impact=service_degraded incident_id=INC_860264 log_sequence=70
2025-09-28 18:14:09 [CRITICAL] ComprehensiveDemo Critical system error: Payment gateway unavailable affected_users=431 error_type=system_critical estimated_recovery_time_minutes=24 impact=service_degraded incident_id=INC_777243 log_sequence=71
2025-09-28 18:14:09 [   ERROR] ComprehensiveDemo Application error: Invalid JSON payload auto_retry=True error_type=application log_sequence=72 request_id=93a431df-ee8e-4d58-890f-853b07804e99 stack_trace_available=True user_id=u002
2025-09-28 18:14:09 [   ERROR] ComprehensiveDemo Application error: Rate limit exceeded auto_retry=True error_type=application log_sequence=73 request_id=1bef42c1-1e22-4c83-b600-930bee08c909 stack_trace_available=True user_id=u005
2025-09-28 18:14:09 [   ERROR] ComprehensiveDemo Application error: Unauthorized access attempt auto_retry=False error_type=application log_sequence=74 request_id=40730771-dabc-417d-887f-c6cc39434a5e stack_trace_available=True user_id=u001
2025-09-28 18:14:09 [   ERROR] ComprehensiveDemo Application error: Data validation failed auto_retry=True error_type=application log_sequence=75 request_id=18f7e4a6-1add-485a-9411-649b74996c0e stack_trace_available=True user_id=u005
2025-09-28 18:14:09 [   DEBUG] ComprehensiveDemo Additional debug log entry entry_number=75 log_sequence=76 random_data={'value': 936, 'timestamp': 1759063449.451197, 'uuid': 'eca857e2-d837-4e72-b805-6a51e9b69974'}
2025-09-28 18:14:09 [   DEBUG] ComprehensiveDemo Additional debug log entry entry_number=76 log_sequence=77 random_data={'value': 359, 'timestamp': 1759063449.452687, 'uuid': 'e8bbe85e-ea42-4d58-b00a-cb838dd0a440'}
2025-09-28 18:14:09 [   DEBUG] ComprehensiveDemo Additional debug log entry entry_number=77 log_sequence=78 random_data={'value': 703, 'timestamp': 1759063449.4541245, 'uuid': '5a995d09-1926-48b9-9341-fa8732f7f78b'}
2025-09-28 18:14:09 [   DEBUG] ComprehensiveDemo Additional debug log entry entry_number=78 log_sequence=79 random_data={'value': 270, 'timestamp': 1759063449.4572952, 'uuid': '2c8fbdd2-8e68-484e-82ed-e4fbb2bc029a'}
2025-09-28 18:14:09 [   DEBUG] ComprehensiveDemo Additional debug log entry entry_number=79 log_sequence=80 random_data={'value': 202, 'timestamp': 1759063449.4589765, 'uuid': '5114c7b7-5b4d-499b-94b2-ce8a206bdeba'}
2025-09-28 18:14:09 [   DEBUG] ComprehensiveDemo Additional debug log entry entry_number=80 log_sequence=81 random_data={'value': 820, 'timestamp': 1759063449.4606678, 'uuid': 'e8aaa028-db8a-469f-83b5-ffe12c4b1673'}
2025-09-28 18:14:09 [   DEBUG] ComprehensiveDemo Additional debug log entry entry_number=81 log_sequence=82 random_data={'value': 919, 'timestamp': 1759063449.462171, 'uuid': 'ce39768d-7ee0-4a7f-8f68-415bb1819a0f'}
2025-09-28 18:14:09 [   DEBUG] ComprehensiveDemo Additional debug log entry entry_number=82 log_sequence=83 random_data={'value': 644, 'timestamp': 1759063449.46378, 'uuid': '0008610c-759f-4fed-a86d-162ff7e786fe'}
2025-09-28 18:14:09 [   DEBUG] ComprehensiveDemo Additional debug log entry entry_number=83 log_sequence=84 random_data={'value': 482, 'timestamp': 1759063449.4649804, 'uuid': '4b4c8e24-b4c5-4d2c-a337-bb345c0bdc78'}
2025-09-28 18:14:09 [   DEBUG] ComprehensiveDemo Additional debug log entry entry_number=84 log_sequence=85 random_data={'value': 130, 'timestamp': 1759063449.4663944, 'uuid': 'dfea4546-0137-4bfe-8f55-a7f238dca804'}
2025-09-28 18:14:09 [   DEBUG] ComprehensiveDemo Additional debug log entry entry_number=85 log_sequence=86 random_data={'value': 817, 'timestamp': 1759063449.4677677, 'uuid': '3dbd21d4-c7c0-441b-be33-23f729303963'}
2025-09-28 18:14:09 [   DEBUG] ComprehensiveDemo Additional debug log entry entry_number=86 log_sequence=87 random_data={'value': 709, 'timestamp': 1759063449.4691188, 'uuid': '11d0ccb1-f299-4532-bea4-6be23f81cb6d'}
2025-09-28 18:14:09 [   DEBUG] ComprehensiveDemo Additional debug log entry entry_number=87 log_sequence=88 random_data={'value': 639, 'timestamp': 1759063449.470478, 'uuid': '71c96930-0ce7-4ba2-9de9-8e8aaf1dd907'}
2025-09-28 18:14:09 [   DEBUG] ComprehensiveDemo Additional debug log entry entry_number=88 log_sequence=89 random_data={'value': 490, 'timestamp': 1759063449.4719899, 'uuid': '6f1238ba-4ed4-4f63-a951-cc154f8358b6'}
2025-09-28 18:14:09 [   DEBUG] ComprehensiveDemo Additional debug log entry entry_number=89 log_sequence=90 random_data={'value': 232, 'timestamp': 1759063449.473468, 'uuid': '2975621a-5c71-4417-a99b-c89a21700b7c'}
2025-09-28 18:14:09 [   DEBUG] ComprehensiveDemo Additional debug log entry entry_number=90 log_sequence=91 random_data={'value': 389, 'timestamp': 1759063449.474862, 'uuid': '848e0afd-306e-46a0-b2f9-1f1709884a11'}
2025-09-28 18:14:09 [   DEBUG] ComprehensiveDemo Additional debug log entry entry_number=91 log_sequence=92 random_data={'value': 886, 'timestamp': 1759063449.4762256, 'uuid': '9b7b1795-71ce-4413-b9ce-f0f4c06ce25a'}
2025-09-28 18:14:09 [   DEBUG] ComprehensiveDemo Additional debug log entry entry_number=92 log_sequence=93 random_data={'value': 52, 'timestamp': 1759063449.4776638, 'uuid': '7d5b8d37-ee6f-4bff-a4ed-14888dadfa4e'}
2025-09-28 18:14:09 [   DEBUG] ComprehensiveDemo Additional debug log entry entry_number=93 log_sequence=94 random_data={'value': 854, 'timestamp': 1759063449.4792373, 'uuid': 'fb1732de-0d8b-4b98-a67d-b9b937c4f562'}
2025-09-28 18:14:09 [   DEBUG] ComprehensiveDemo Additional debug log entry entry_number=94 log_sequence=95 random_data={'value': 34, 'timestamp': 1759063449.4809961, 'uuid': 'c6375900-dfff-4ca3-99a6-cee0489ba490'}
2025-09-28 18:14:09 [   DEBUG] ComprehensiveDemo Additional debug log entry entry_number=95 log_sequence=96 random_data={'value': 197, 'timestamp': 1759063449.4825451, 'uuid': '53b51242-8af6-4056-a2b3-7585b70adce6'}
2025-09-28 18:14:09 [   DEBUG] ComprehensiveDemo Additional debug log entry entry_number=96 log_sequence=97 random_data={'value': 454, 'timestamp': 1759063449.4838655, 'uuid': '2aaf5eb8-7892-4a72-a377-8c7dce6a259e'}
2025-09-28 18:14:09 [   DEBUG] ComprehensiveDemo Additional debug log entry entry_number=97 log_sequence=98 random_data={'value': 709, 'timestamp': 1759063449.4851751, 'uuid': '908db5a1-947b-4e22-9b1b-068cb449db9c'}
2025-09-28 18:14:09 [   DEBUG] ComprehensiveDemo Additional debug log entry entry_number=98 log_sequence=99 random_data={'value': 193, 'timestamp': 1759063449.4865034, 'uuid': '2b18a5e2-7c90-4e00-9b7d-51b5b73bb3cf'}
2025-09-28 18:14:09 [   DEBUG] ComprehensiveDemo Additional debug log entry entry_number=99 log_sequence=100 random_data={'value': 475, 'timestamp': 1759063449.4878936, 'uuid': 'e81aa1ef-110c-4c5e-b177-c0e041e3b417'}
2025-09-28 18:14:09 [   DEBUG] ComprehensiveDemo Additional debug log entry entry_number=100 log_sequence=101 random_data={'value': 879, 'timestamp': 1759063449.489906, 'uuid': '0ab61734-47cd-4ee1-bad3-6f5ae6089b12'}
2025-09-28 18:14:09 [   DEBUG] ComprehensiveDemo Additional debug log entry entry_number=101 log_sequence=102 random_data={'value': 210, 'timestamp': 1759063449.4915192, 'uuid': '93b26d8b-8172-460a-8ba7-adbc36f285ee'}
2025-09-28 18:14:09 [   DEBUG] ComprehensiveDemo Additional debug log entry entry_number=102 log_sequence=103 random_data={'value': 849, 'timestamp': 1759063449.4930105, 'uuid': '6901cf35-f268-4c5d-893f-a1dcb8464f75'}
2025-09-28 18:14:09 [   DEBUG] ComprehensiveDemo Additional debug log entry entry_number=103 log_sequence=104 random_data={'value': 441, 'timestamp': 1759063449.4945197, 'uuid': '7ab4bd02-b98c-4e4f-be27-0f88c8ffad1b'}
2025-09-28 18:14:09 [   DEBUG] ComprehensiveDemo Additional debug log entry entry_number=104 log_sequence=105 random_data={'value': 919, 'timestamp': 1759063449.4959323, 'uuid': 'f5c38c62-3441-4509-ad1a-a0178c688f8f'}
2025-09-28 18:14:09 [   DEBUG] ComprehensiveDemo Additional debug log entry entry_number=105 log_sequence=106 random_data={'value': 138, 'timestamp': 1759063449.4972785, 'uuid': 'dccaa1ce-692c-4f12-8721-c9b87bfbfd2e'}
2025-09-28 18:14:09 [   DEBUG] ComprehensiveDemo Additional debug log entry entry_number=106 log_sequence=107 random_data={'value': 257, 'timestamp': 1759063449.4986126, 'uuid': 'e1e91a95-079e-4291-8211-b7a1776e14d0'}
2025-09-28 18:14:09 [   DEBUG] ComprehensiveDemo Additional debug log entry entry_number=107 log_sequence=108 random_data={'value': 360, 'timestamp': 1759063449.4999418, 'uuid': 'c0c30cf0-f6b7-4a97-8c50-c844c76cfdc3'}
2025-09-28 18:14:09 [   DEBUG] ComprehensiveDemo Additional debug log entry entry_number=108 log_sequence=109 random_data={'value': 402, 'timestamp': 1759063449.5013282, 'uuid': '17c352eb-30a2-4162-b255-0fb6228096db'}
2025-09-28 18:14:09 [   DEBUG] ComprehensiveDemo Additional debug log entry entry_number=109 log_sequence=110 random_data={'value': 54, 'timestamp': 1759063449.5026977, 'uuid': '2cbdd7f3-0571-4d3b-b563-e256b64bfdaa'}
2025-09-28 18:14:09 [   DEBUG] ComprehensiveDemo Additional debug log entry entry_number=110 log_sequence=111 random_data={'value': 689, 'timestamp': 1759063449.5040364, 'uuid': '2fed4c91-0e3a-49c4-9cbb-d4176a72b8bb'}
2025-09-28 18:14:09 [   DEBUG] ComprehensiveDemo Additional debug log entry entry_number=111 log_sequence=112 random_data={'value': 93, 'timestamp': 1759063449.5054314, 'uuid': '29c2ec51-ecbf-461c-9d75-48c0358ad64f'}
2025-09-28 18:14:09 [   DEBUG] ComprehensiveDemo Additional debug log entry entry_number=112 log_sequence=113 random_data={'value': 345, 'timestamp': 1759063449.5068796, 'uuid': '8ac7054a-b3c1-42f5-b103-f81d5a2eeb7c'}
2025-09-28 18:14:09 [   DEBUG] ComprehensiveDemo Additional debug log entry entry_number=113 log_sequence=114 random_data={'value': 75, 'timestamp': 1759063449.508247, 'uuid': 'b23e3fff-66ad-4070-b1bd-ad0ce8f697d2'}
2025-09-28 18:14:09 [   DEBUG] ComprehensiveDemo Additional debug log entry entry_number=114 log_sequence=115 random_data={'value': 811, 'timestamp': 1759063449.5096307, 'uuid': 'ff3dc10d-1d0a-45f8-aa05-ddcf7ffe5463'}
2025-09-28 18:14:09 [   DEBUG] ComprehensiveDemo Additional debug log entry entry_number=115 log_sequence=116 random_data={'value': 778, 'timestamp': 1759063449.5111287, 'uuid': 'ffc3efef-22f4-4f68-93ea-b865146fceec'}
2025-09-28 18:14:09 [   DEBUG] ComprehensiveDemo Additional debug log entry entry_number=116 log_sequence=117 random_data={'value': 130, 'timestamp': 1759063449.512928, 'uuid': 'f16c4b71-3a90-47f1-817e-3c9424905586'}
2025-09-28 18:14:09 [   DEBUG] ComprehensiveDemo Additional debug log entry entry_number=117 log_sequence=118 random_data={'value': 923, 'timestamp': 1759063449.5142858, 'uuid': 'd36ee214-6dce-4385-a0b3-3d93fa0028a9'}
2025-09-28 18:14:09 [   DEBUG] ComprehensiveDemo Additional debug log entry entry_number=118 log_sequence=119 random_data={'value': 499, 'timestamp': 1759063449.5155973, 'uuid': '350d5dd7-11c5-4f4a-b3fb-99eaf115bc18'}
2025-09-28 18:14:09 [   DEBUG] ComprehensiveDemo Additional debug log entry entry_number=119 log_sequence=120 random_data={'value': 614, 'timestamp': 1759063449.516979, 'uuid': 'd1398175-f039-4426-ab48-bbaff9ea6c66'}
2025-09-28 18:14:09 [    INFO] ComprehensiveDemo Generating comprehensive demo summary log_sequence=121 simulation_type=summary
2025-09-28 18:14:09 [    INFO] ComprehensiveDemo Transaction processing summary average_transaction_amount=568.94 completed_transactions=10 failed_transactions=5 log_sequence=122 success_rate_percent=66.67 total_amount_processed=5689.39 total_transactions=15
2025-09-28 18:14:09 [    INFO] ComprehensiveDemo User activity summary active_users=5 admin_users=1 log_sequence=123 total_users=5 user_roles_distribution={'admin': 1, 'moderator': 1, 'user': 3}
2025-09-28 18:14:09 [    INFO] ComprehensiveDemo Comprehensive demo completed successfully all_simulations=['user_authentication', 'transaction_processing', 'system_monitoring', 'error_scenarios'] demo_duration_seconds=0.18137168884277344 demo_status=completed log_file_location=logs\comprehensive_demo.log log_sequence=124 total_log_entries_generated=123
